<?xml version="1.0" encoding="UTF-8"?>
<testng-results skipped="0" failed="0" ignored="0" total="2" passed="2">
  <reporter-output>
  </reporter-output>
  <suite name="Suite" duration-ms="19220" started-at="2020-05-19T10:27:27Z" finished-at="2020-05-19T10:27:46Z">
    <groups>
    </groups>
    <test name="Test" duration-ms="19220" started-at="2020-05-19T10:27:27Z" finished-at="2020-05-19T10:27:46Z">
      <class name="com.Automationproject.demoproject1.sampleproject">
        <test-method status="PASS" signature="launchDriver()[pri:0, instance:com.Automationproject.demoproject1.sampleproject@67b6d4ae]" name="launchDriver" is-config="true" duration-ms="6949" started-at="2020-05-19T10:27:27Z" finished-at="2020-05-19T10:27:34Z">
          <reporter-output>
          </reporter-output>
        </test-method> <!-- launchDriver -->
        <test-method status="PASS" signature="Test1()[pri:0, instance:com.Automationproject.demoproject1.sampleproject@67b6d4ae]" name="Test1" duration-ms="3105" started-at="2020-05-19T10:27:34Z" finished-at="2020-05-19T10:27:37Z">
          <reporter-output>
          </reporter-output>
        </test-method> <!-- Test1 -->
        <test-method status="PASS" signature="quit()[pri:0, instance:com.Automationproject.demoproject1.sampleproject@67b6d4ae]" name="quit" is-config="true" duration-ms="738" started-at="2020-05-19T10:27:37Z" finished-at="2020-05-19T10:27:38Z">
          <reporter-output>
          </reporter-output>
        </test-method> <!-- quit -->
        <test-method status="PASS" signature="launchDriver()[pri:0, instance:com.Automationproject.demoproject1.sampleproject@67b6d4ae]" name="launchDriver" is-config="true" duration-ms="5585" started-at="2020-05-19T10:27:38Z" finished-at="2020-05-19T10:27:43Z">
          <reporter-output>
          </reporter-output>
        </test-method> <!-- launchDriver -->
        <test-method status="PASS" signature="Test2()[pri:0, instance:com.Automationproject.demoproject1.sampleproject@67b6d4ae]" name="Test2" duration-ms="1951" started-at="2020-05-19T10:27:43Z" finished-at="2020-05-19T10:27:45Z">
          <reporter-output>
          </reporter-output>
        </test-method> <!-- Test2 -->
        <test-method status="PASS" signature="quit()[pri:0, instance:com.Automationproject.demoproject1.sampleproject@67b6d4ae]" name="quit" is-config="true" duration-ms="856" started-at="2020-05-19T10:27:45Z" finished-at="2020-05-19T10:27:46Z">
          <reporter-output>
          </reporter-output>
        </test-method> <!-- quit -->
      </class> <!-- com.Automationproject.demoproject1.sampleproject -->
    </test> <!-- Test -->
  </suite> <!-- Suite -->
</testng-results>
