<?xml version="1.0" encoding="UTF-8"?>
<testng-results skipped="0" failed="0" total="2" passed="2">
  <reporter-output>
  </reporter-output>
  <suite name="Default suite" duration-ms="29712" started-at="2020-05-19T10:08:12Z" finished-at="2020-05-19T10:08:42Z">
    <groups>
    </groups>
    <test name="Default test" duration-ms="29712" started-at="2020-05-19T10:08:12Z" finished-at="2020-05-19T10:08:42Z">
      <class name="com.Automationproject.demoproject1.sampleproject">
        <test-method status="PASS" signature="launchDriver()[pri:0, instance:com.Automationproject.demoproject1.sampleproject@5594a1b5]" name="launchDriver" is-config="true" duration-ms="7120" started-at="2020-05-19T15:38:12Z" finished-at="2020-05-19T15:38:19Z">
          <reporter-output>
          </reporter-output>
        </test-method> <!-- launchDriver -->
        <test-method status="PASS" signature="Test1()[pri:0, instance:com.Automationproject.demoproject1.sampleproject@5594a1b5]" name="Test1" duration-ms="11548" started-at="2020-05-19T15:38:19Z" finished-at="2020-05-19T15:38:31Z">
          <reporter-output>
          </reporter-output>
        </test-method> <!-- Test1 -->
        <test-method status="PASS" signature="quit()[pri:0, instance:com.Automationproject.demoproject1.sampleproject@5594a1b5]" name="quit" is-config="true" duration-ms="775" started-at="2020-05-19T15:38:31Z" finished-at="2020-05-19T15:38:31Z">
          <reporter-output>
          </reporter-output>
        </test-method> <!-- quit -->
        <test-method status="PASS" signature="launchDriver()[pri:0, instance:com.Automationproject.demoproject1.sampleproject@5594a1b5]" name="launchDriver" is-config="true" duration-ms="5663" started-at="2020-05-19T15:38:31Z" finished-at="2020-05-19T15:38:37Z">
          <reporter-output>
          </reporter-output>
        </test-method> <!-- launchDriver -->
        <test-method status="PASS" signature="Test2()[pri:0, instance:com.Automationproject.demoproject1.sampleproject@5594a1b5]" name="Test2" duration-ms="3799" started-at="2020-05-19T15:38:37Z" finished-at="2020-05-19T15:38:41Z">
          <reporter-output>
          </reporter-output>
        </test-method> <!-- Test2 -->
        <test-method status="PASS" signature="quit()[pri:0, instance:com.Automationproject.demoproject1.sampleproject@5594a1b5]" name="quit" is-config="true" duration-ms="787" started-at="2020-05-19T15:38:41Z" finished-at="2020-05-19T15:38:42Z">
          <reporter-output>
          </reporter-output>
        </test-method> <!-- quit -->
      </class> <!-- com.Automationproject.demoproject1.sampleproject -->
    </test> <!-- Default test -->
  </suite> <!-- Default suite -->
</testng-results>
